<?xml version="1.0" encoding="UTF-8" ?>
<testsuite tests="7" failures="0" name="RationalTest" time="0.003" errors="0" skipped="0">
  <properties>
[...]
</properties>
  <testcase classname="RationalTest" name="testAdd" time="0.003"/>
  <testcase classname="RationalTest" name="testSubtract" time="0"/>
  <testcase classname="RationalTest" name="TestDivide" time="0"/>
  <testcase classname="RationalTest" name="TestEquals" time="0"/>
  <testcase classname="RationalTest" name="TestToString" time="0"/>
  <testcase classname="RationalTest" name="TestCompareTo" time="0"/>
  <testcase classname="RationalTest" name="TestMultiply" time="0"/>
</testsuite>